<?xml version="1.0" encoding="UTF-8"?>
<robot generator="Robot 7.0 (Python 3.10.12 on linux)" generated="2024-04-11T00:22:35.811428" rpa="false" schemaversion="5">
<suite id="s1" name="Home" source="/home/jofran/QA/GIT/Pessoais/Linx-Automation/home.robot">
<test id="s1-t1" name=" Cenario 4: Selecionar institucionalCarreiras" line="27">
<kw name="New Session" owner="base">
<kw name="Open Browser" owner="SeleniumLibrary">
<msg time="2024-04-11T00:22:35.930085" level="INFO">Opening browser 'chrome' to base url 'https://www.linx.com.br/'.</msg>
<arg>${url}</arg>
<arg>browser=chrome</arg>
<arg>options=add_argument("--start-maximized")</arg>
<doc>Opens a new browser instance to the optional ``url``.</doc>
<status status="PASS" start="2024-04-11T00:22:35.929707" elapsed="5.627673"/>
</kw>
<status status="PASS" start="2024-04-11T00:22:35.928918" elapsed="5.628809"/>
</kw>
<kw name="Menu institucional" owner="base">
<kw name="Element Should Be Visible" owner="SeleniumLibrary">
<msg time="2024-04-11T00:22:41.572423" level="INFO">Element 'css=a[data-menu-link="institutional"]' is displayed.</msg>
<arg>${menuInstitucional}</arg>
<doc>Verifies that the element identified by ``locator`` is visible.</doc>
<status status="PASS" start="2024-04-11T00:22:41.558662" elapsed="0.013979"/>
</kw>
<kw name="Click Element" owner="SeleniumLibrary">
<msg time="2024-04-11T00:22:41.573120" level="INFO">Clicking element 'css=a[data-menu-link="institutional"]'.</msg>
<arg>${menuInstitucional}</arg>
<doc>Click the element identified by ``locator``.</doc>
<status status="PASS" start="2024-04-11T00:22:41.572853" elapsed="0.059689"/>
</kw>
<status status="PASS" start="2024-04-11T00:22:41.558193" elapsed="0.074744"/>
</kw>
<kw name="Selecionar institucionalCarreiras" owner="base">
<kw name="Click Element" owner="SeleniumLibrary">
<msg time="2024-04-11T00:22:41.634206" level="INFO">Clicking element 'css=a[href="/carreira-linx/"]'.</msg>
<arg>${institucionalCarreiras}</arg>
<doc>Click the element identified by ``locator``.</doc>
<status status="PASS" start="2024-04-11T00:22:41.633951" elapsed="2.378754"/>
</kw>
<status status="PASS" start="2024-04-11T00:22:41.633572" elapsed="2.379403"/>
</kw>
<kw name="Filtrar Tecnologia e Produto" owner="base">
<kw name="Select From List By Value" owner="SeleniumLibrary">
<msg time="2024-04-11T00:22:44.014129" level="INFO">Selecting options from selection list 'id=greenouse-segments' by value Linx - Tecnologia e Produto.</msg>
<arg>${select_id}</arg>
<arg>${filtroTecnologiaEProduto}</arg>
<doc>Selects options from selection list ``locator`` by ``values``.</doc>
<status status="PASS" start="2024-04-11T00:22:44.013711" elapsed="0.055931"/>
</kw>
<status status="PASS" start="2024-04-11T00:22:44.013328" elapsed="0.056550"/>
</kw>
<kw name="Verificar se filtro foi selecionado" owner="base">
<kw name="Element Should Contain" owner="SeleniumLibrary">
<msg time="2024-04-11T00:22:44.086931" level="INFO">Element 'css=[class="a-title o-work-with-us_subtitle"]' contains text 'Linx - Tecnologia e Produto'.</msg>
<arg>css=[class="a-title o-work-with-us_subtitle"]</arg>
<arg>Linx - Tecnologia e Produto</arg>
<doc>Verifies that element ``locator`` contains text ``expected``.</doc>
<status status="PASS" start="2024-04-11T00:22:44.070842" elapsed="0.016347"/>
</kw>
<status status="PASS" start="2024-04-11T00:22:44.070327" elapsed="0.017007"/>
</kw>
<kw name="Verificar se existe segmento Suporte" owner="base">
<kw name="Element Should Not Contain" owner="SeleniumLibrary">
<msg time="2024-04-11T00:22:44.253313" level="INFO" html="true">&lt;/td&gt;&lt;/tr&gt;&lt;tr&gt;&lt;td colspan="3"&gt;&lt;a href="selenium-screenshot-3.png"&gt;&lt;img src="selenium-screenshot-3.png" width="800px"&gt;&lt;/a&gt;</msg>
<msg time="2024-04-11T00:22:44.253566" level="FAIL">error=Texto "Segmento Linx - Suporte" está presente na lista"</msg>
<arg>${select_id}</arg>
<arg>${filtroLinxSuporte}</arg>
<arg>error=Texto "Segmento ${filtroLinxSuporte}" está presente na lista"</arg>
<doc>Verifies that element ``locator`` does not contain text ``expected``.</doc>
<status status="FAIL" start="2024-04-11T00:22:44.088235" elapsed="0.166302">error=Texto "Segmento Linx - Suporte" está presente na lista"</status>
</kw>
<status status="FAIL" start="2024-04-11T00:22:44.087794" elapsed="0.166985">error=Texto "Segmento Linx - Suporte" está presente na lista"</status>
</kw>
<kw name="End Session" owner="base" type="TEARDOWN">
<kw name="Close Browser" owner="SeleniumLibrary">
<doc>Closes the current browser.</doc>
<status status="PASS" start="2024-04-11T00:22:44.255554" elapsed="0.061459"/>
</kw>
<status status="PASS" start="2024-04-11T00:22:44.255241" elapsed="0.062006"/>
</kw>
<status status="FAIL" start="2024-04-11T00:22:35.928318" elapsed="8.389213">error=Texto "Segmento Linx - Suporte" está presente na lista"</status>
</test>
<status status="FAIL" start="2024-04-11T00:22:35.813307" elapsed="8.505063"/>
</suite>
<statistics>
<total>
<stat pass="0" fail="1" skip="0">All Tests</stat>
</total>
<tag>
</tag>
<suite>
<stat pass="0" fail="1" skip="0" id="s1" name="Home">Home</stat>
</suite>
</statistics>
<errors>
</errors>
</robot>
